2024-07-15 12:40:17.058 | INFO     | controllers.student_controller:create_new_student:71 - Creating a new student.
2024-07-15 12:40:17.101 | INFO     | services.student_service:create_student:69 - Student created with ID: 59411f9a-f2c3-4e2c-a7a9-1dadb612dc14
2024-07-15 12:40:17.173 | INFO     | controllers.student_controller:read_students:33 - Fetching all students from the database.
2024-07-15 12:40:17.176 | INFO     | services.student_service:get_students:30 - Retrieving students from the database.
2024-07-15 12:40:17.206 | INFO     | controllers.student_controller:read_students:33 - Fetching all students from the database.
2024-07-15 12:40:17.206 | INFO     | services.student_service:get_students:30 - Retrieving students from the database.
2024-07-15 12:40:27.057 | INFO     | controllers.student_controller:read_students:33 - Fetching all students from the database.
2024-07-15 12:40:27.059 | INFO     | services.student_service:get_students:30 - Retrieving students from the database.
2024-07-15 12:40:33.234 | INFO     | controllers.student_controller:read_student:51 - Fetching student with ID: 59411f9a-f2c3-4e2c-a7a9-1dadb612dc14
2024-07-15 12:40:33.238 | INFO     | services.student_service:get_student:45 - Retrieving student with ID: 59411f9a-f2c3-4e2c-a7a9-1dadb612dc14.
2024-07-15 12:40:33.245 | INFO     | controllers.student_controller:read_student:51 - Fetching student with ID: 59411f9a-f2c3-4e2c-a7a9-1dadb612dc14
2024-07-15 12:40:33.245 | INFO     | services.student_service:get_student:45 - Retrieving student with ID: 59411f9a-f2c3-4e2c-a7a9-1dadb612dc14.
2024-07-15 12:40:44.580 | INFO     | controllers.student_controller:update_existing_student:91 - Updating student with ID: 59411f9a-f2c3-4e2c-a7a9-1dadb612dc14
2024-07-15 12:40:44.580 | INFO     | services.student_service:update_student:89 - Updating student with ID: 59411f9a-f2c3-4e2c-a7a9-1dadb612dc14
2024-07-15 12:40:44.608 | INFO     | services.student_service:update_student:98 - Student updated with ID: 59411f9a-f2c3-4e2c-a7a9-1dadb612dc14
2024-07-15 12:40:44.644 | INFO     | controllers.student_controller:read_students:33 - Fetching all students from the database.
2024-07-15 12:40:44.644 | INFO     | services.student_service:get_students:30 - Retrieving students from the database.
2024-07-15 12:40:44.651 | INFO     | controllers.student_controller:read_students:33 - Fetching all students from the database.
2024-07-15 12:40:44.651 | INFO     | services.student_service:get_students:30 - Retrieving students from the database.
2024-07-15 12:40:47.741 | INFO     | controllers.student_controller:read_students:33 - Fetching all students from the database.
2024-07-15 12:40:47.741 | INFO     | services.student_service:get_students:30 - Retrieving students from the database.
2024-07-15 12:40:54.835 | INFO     | controllers.student_controller:delete_existing_student:114 - Deleting student with ID: 59411f9a-f2c3-4e2c-a7a9-1dadb612dc14
2024-07-15 12:40:54.835 | INFO     | services.student_service:delete_student:118 - Deleteing student with ID: 59411f9a-f2c3-4e2c-a7a9-1dadb612dc14
2024-07-15 12:40:54.856 | INFO     | services.student_service:delete_student:124 - Student deleted with ID: 59411f9a-f2c3-4e2c-a7a9-1dadb612dc14
2024-07-15 12:40:54.874 | INFO     | controllers.student_controller:read_students:33 - Fetching all students from the database.
2024-07-15 12:40:54.874 | INFO     | services.student_service:get_students:30 - Retrieving students from the database.
2024-07-15 12:41:19.312 | INFO     | controllers.student_controller:read_student:51 - Fetching student with ID: bdd31617-0b70-4c8d-8f1b-b83110df677f
2024-07-15 12:41:19.312 | INFO     | services.student_service:get_student:45 - Retrieving student with ID: bdd31617-0b70-4c8d-8f1b-b83110df677f.
2024-07-15 12:41:19.340 | INFO     | controllers.student_controller:read_student:51 - Fetching student with ID: bdd31617-0b70-4c8d-8f1b-b83110df677f
2024-07-15 12:41:19.340 | INFO     | services.student_service:get_student:45 - Retrieving student with ID: bdd31617-0b70-4c8d-8f1b-b83110df677f.
2024-07-15 12:41:40.855 | INFO     | controllers.student_controller:update_existing_student:91 - Updating student with ID: bdd31617-0b70-4c8d-8f1b-b83110df677f
2024-07-15 12:41:40.855 | INFO     | services.student_service:update_student:89 - Updating student with ID: bdd31617-0b70-4c8d-8f1b-b83110df677f
2024-07-15 12:41:40.855 | INFO     | services.student_service:update_student:98 - Student updated with ID: bdd31617-0b70-4c8d-8f1b-b83110df677f
2024-07-15 12:41:40.896 | INFO     | controllers.student_controller:read_students:33 - Fetching all students from the database.
2024-07-15 12:41:40.896 | INFO     | services.student_service:get_students:30 - Retrieving students from the database.
2024-07-15 12:41:40.912 | INFO     | controllers.student_controller:read_students:33 - Fetching all students from the database.
2024-07-15 12:41:40.913 | INFO     | services.student_service:get_students:30 - Retrieving students from the database.
2024-07-15 12:41:52.861 | INFO     | controllers.student_controller:read_student:51 - Fetching student with ID: 147ea3ae-c3f3-4d74-9f5d-3e9631797b47
2024-07-15 12:41:52.863 | INFO     | services.student_service:get_student:45 - Retrieving student with ID: 147ea3ae-c3f3-4d74-9f5d-3e9631797b47.
2024-07-15 12:41:52.879 | INFO     | controllers.student_controller:read_student:51 - Fetching student with ID: 147ea3ae-c3f3-4d74-9f5d-3e9631797b47
2024-07-15 12:41:52.879 | INFO     | services.student_service:get_student:45 - Retrieving student with ID: 147ea3ae-c3f3-4d74-9f5d-3e9631797b47.
2024-07-15 12:44:12.687 | INFO     | controllers.student_controller:read_students:33 - Fetching all students from the database.
2024-07-15 12:44:12.687 | INFO     | services.student_service:get_students:30 - Retrieving students from the database.
2024-07-15 12:44:12.737 | INFO     | controllers.student_controller:read_students:33 - Fetching all students from the database.
2024-07-15 12:44:12.739 | INFO     | services.student_service:get_students:30 - Retrieving students from the database.
2024-07-15 12:44:19.953 | INFO     | controllers.student_controller:read_student:51 - Fetching student with ID: af5a8e6c-82cf-4f9b-9384-426336d4f6b7
2024-07-15 12:44:19.956 | INFO     | services.student_service:get_student:45 - Retrieving student with ID: af5a8e6c-82cf-4f9b-9384-426336d4f6b7.
2024-07-15 12:44:19.964 | INFO     | controllers.student_controller:read_student:51 - Fetching student with ID: af5a8e6c-82cf-4f9b-9384-426336d4f6b7
2024-07-15 12:44:19.964 | INFO     | services.student_service:get_student:45 - Retrieving student with ID: af5a8e6c-82cf-4f9b-9384-426336d4f6b7.
2024-07-15 12:44:29.956 | INFO     | controllers.student_controller:update_existing_student:91 - Updating student with ID: af5a8e6c-82cf-4f9b-9384-426336d4f6b7
2024-07-15 12:44:29.956 | INFO     | services.student_service:update_student:89 - Updating student with ID: af5a8e6c-82cf-4f9b-9384-426336d4f6b7
2024-07-15 12:44:29.974 | INFO     | services.student_service:update_student:98 - Student updated with ID: af5a8e6c-82cf-4f9b-9384-426336d4f6b7
2024-07-15 12:44:30.026 | INFO     | controllers.student_controller:read_students:33 - Fetching all students from the database.
2024-07-15 12:44:30.029 | INFO     | services.student_service:get_students:30 - Retrieving students from the database.
2024-07-15 12:44:30.052 | INFO     | controllers.student_controller:read_students:33 - Fetching all students from the database.
2024-07-15 12:44:30.053 | INFO     | services.student_service:get_students:30 - Retrieving students from the database.
2024-07-15 12:44:33.664 | INFO     | controllers.student_controller:read_student:51 - Fetching student with ID: af5a8e6c-82cf-4f9b-9384-426336d4f6b7
2024-07-15 12:44:33.670 | INFO     | services.student_service:get_student:45 - Retrieving student with ID: af5a8e6c-82cf-4f9b-9384-426336d4f6b7.
2024-07-15 12:44:33.704 | INFO     | controllers.student_controller:read_student:51 - Fetching student with ID: af5a8e6c-82cf-4f9b-9384-426336d4f6b7
2024-07-15 12:44:33.704 | INFO     | services.student_service:get_student:45 - Retrieving student with ID: af5a8e6c-82cf-4f9b-9384-426336d4f6b7.
2024-07-15 13:04:28.322 | INFO     | controllers.student_controller:read_students:33 - Fetching all students from the database.
2024-07-15 13:04:28.323 | INFO     | services.student_service:get_students:30 - Retrieving students from the database.
2024-07-15 13:04:28.387 | INFO     | controllers.student_controller:read_students:33 - Fetching all students from the database.
2024-07-15 13:04:28.388 | INFO     | services.student_service:get_students:30 - Retrieving students from the database.
2024-07-15 13:04:30.604 | INFO     | controllers.student_controller:read_students:33 - Fetching all students from the database.
2024-07-15 13:04:30.604 | INFO     | services.student_service:get_students:30 - Retrieving students from the database.
2024-07-15 13:04:33.832 | INFO     | controllers.student_controller:delete_existing_student:114 - Deleting student with ID: 3b4a7f5c-e72a-4870-aa43-e46e19b705fe
2024-07-15 13:04:33.835 | INFO     | services.student_service:delete_student:118 - Deleteing student with ID: 3b4a7f5c-e72a-4870-aa43-e46e19b705fe
2024-07-15 13:04:33.844 | INFO     | services.student_service:delete_student:124 - Student deleted with ID: 3b4a7f5c-e72a-4870-aa43-e46e19b705fe
2024-07-15 13:04:34.211 | INFO     | controllers.student_controller:read_students:33 - Fetching all students from the database.
2024-07-15 13:04:34.211 | INFO     | services.student_service:get_students:30 - Retrieving students from the database.
2024-07-15 13:05:43.317 | INFO     | controllers.student_controller:read_students:33 - Fetching all students from the database.
2024-07-15 13:05:43.317 | INFO     | services.student_service:get_students:30 - Retrieving students from the database.
2024-07-15 13:05:43.356 | INFO     | controllers.student_controller:read_students:33 - Fetching all students from the database.
2024-07-15 13:05:43.366 | INFO     | services.student_service:get_students:30 - Retrieving students from the database.
2024-07-15 13:05:50.499 | INFO     | controllers.student_controller:read_student:51 - Fetching student with ID: ab1d8a1a-ab7f-4a5d-a511-18fa11138d18
2024-07-15 13:05:50.499 | INFO     | services.student_service:get_student:45 - Retrieving student with ID: ab1d8a1a-ab7f-4a5d-a511-18fa11138d18.
2024-07-15 13:05:50.517 | INFO     | controllers.student_controller:read_student:51 - Fetching student with ID: ab1d8a1a-ab7f-4a5d-a511-18fa11138d18
2024-07-15 13:05:50.517 | INFO     | services.student_service:get_student:45 - Retrieving student with ID: ab1d8a1a-ab7f-4a5d-a511-18fa11138d18.
2024-07-15 13:12:30.038 | INFO     | controllers.student_controller:read_students:33 - Fetching all students from the database.
2024-07-15 13:12:30.038 | INFO     | services.student_service:get_students:30 - Retrieving students from the database.
2024-07-15 13:12:30.088 | INFO     | controllers.student_controller:read_students:33 - Fetching all students from the database.
2024-07-15 13:12:30.092 | INFO     | services.student_service:get_students:30 - Retrieving students from the database.
2024-07-15 13:12:33.620 | INFO     | controllers.student_controller:read_student:51 - Fetching student with ID: af5a8e6c-82cf-4f9b-9384-426336d4f6b7
2024-07-15 13:12:33.620 | INFO     | services.student_service:get_student:45 - Retrieving student with ID: af5a8e6c-82cf-4f9b-9384-426336d4f6b7.
2024-07-15 13:12:33.649 | INFO     | controllers.student_controller:read_student:51 - Fetching student with ID: af5a8e6c-82cf-4f9b-9384-426336d4f6b7
2024-07-15 13:12:33.649 | INFO     | services.student_service:get_student:45 - Retrieving student with ID: af5a8e6c-82cf-4f9b-9384-426336d4f6b7.
2024-07-15 13:12:38.214 | INFO     | controllers.student_controller:update_existing_student:91 - Updating student with ID: af5a8e6c-82cf-4f9b-9384-426336d4f6b7
2024-07-15 13:12:38.214 | INFO     | services.student_service:update_student:89 - Updating student with ID: af5a8e6c-82cf-4f9b-9384-426336d4f6b7
2024-07-15 13:12:38.236 | INFO     | services.student_service:update_student:98 - Student updated with ID: af5a8e6c-82cf-4f9b-9384-426336d4f6b7
2024-07-15 13:12:38.297 | INFO     | controllers.student_controller:read_students:33 - Fetching all students from the database.
2024-07-15 13:12:38.299 | INFO     | services.student_service:get_students:30 - Retrieving students from the database.
2024-07-15 13:12:38.317 | INFO     | controllers.student_controller:read_students:33 - Fetching all students from the database.
2024-07-15 13:12:38.317 | INFO     | services.student_service:get_students:30 - Retrieving students from the database.
2024-07-15 13:33:43.646 | INFO     | controllers.student_controller:read_students:33 - Fetching all students from the database.
2024-07-15 13:33:43.646 | INFO     | services.student_service:get_students:30 - Retrieving students from the database.
2024-07-15 13:33:43.646 | INFO     | controllers.student_controller:read_students:33 - Fetching all students from the database.
2024-07-15 13:33:43.646 | INFO     | services.student_service:get_students:30 - Retrieving students from the database.
2024-07-15 13:38:57.157 | INFO     | controllers.student_controller:read_students:33 - Fetching all students from the database.
2024-07-15 13:38:57.157 | INFO     | services.student_service:get_students:30 - Retrieving students from the database.
2024-07-15 13:38:57.193 | INFO     | controllers.student_controller:read_students:33 - Fetching all students from the database.
2024-07-15 13:38:57.193 | INFO     | services.student_service:get_students:30 - Retrieving students from the database.
2024-07-15 13:39:00.897 | INFO     | controllers.student_controller:read_student:51 - Fetching student with ID: d01632af-0bf6-472d-b127-d3b195cd0394
2024-07-15 13:39:00.898 | INFO     | services.student_service:get_student:45 - Retrieving student with ID: d01632af-0bf6-472d-b127-d3b195cd0394.
2024-07-15 13:39:00.920 | INFO     | controllers.student_controller:read_student:51 - Fetching student with ID: d01632af-0bf6-472d-b127-d3b195cd0394
2024-07-15 13:39:00.921 | INFO     | services.student_service:get_student:45 - Retrieving student with ID: d01632af-0bf6-472d-b127-d3b195cd0394.
2024-07-15 13:39:08.400 | INFO     | controllers.student_controller:update_existing_student:91 - Updating student with ID: d01632af-0bf6-472d-b127-d3b195cd0394
2024-07-15 13:39:08.403 | INFO     | services.student_service:update_student:89 - Updating student with ID: d01632af-0bf6-472d-b127-d3b195cd0394
2024-07-15 13:39:08.414 | INFO     | services.student_service:update_student:98 - Student updated with ID: d01632af-0bf6-472d-b127-d3b195cd0394
2024-07-15 13:39:08.459 | INFO     | controllers.student_controller:read_students:33 - Fetching all students from the database.
2024-07-15 13:39:08.462 | INFO     | services.student_service:get_students:30 - Retrieving students from the database.
2024-07-15 13:39:08.481 | INFO     | controllers.student_controller:read_students:33 - Fetching all students from the database.
2024-07-15 13:39:08.481 | INFO     | services.student_service:get_students:30 - Retrieving students from the database.
2024-07-15 13:39:14.573 | INFO     | controllers.student_controller:read_students:33 - Fetching all students from the database.
2024-07-15 13:39:14.573 | INFO     | services.student_service:get_students:30 - Retrieving students from the database.
2024-07-15 13:39:16.458 | INFO     | controllers.student_controller:read_student:51 - Fetching student with ID: 2ac41d1b-eaa6-417f-a744-66facecd0e96
2024-07-15 13:39:16.460 | INFO     | services.student_service:get_student:45 - Retrieving student with ID: 2ac41d1b-eaa6-417f-a744-66facecd0e96.
2024-07-15 13:39:16.473 | INFO     | controllers.student_controller:read_student:51 - Fetching student with ID: 2ac41d1b-eaa6-417f-a744-66facecd0e96
2024-07-15 13:39:16.481 | INFO     | services.student_service:get_student:45 - Retrieving student with ID: 2ac41d1b-eaa6-417f-a744-66facecd0e96.
2024-07-15 13:39:19.354 | INFO     | controllers.student_controller:read_students:33 - Fetching all students from the database.
2024-07-15 13:39:19.355 | INFO     | services.student_service:get_students:30 - Retrieving students from the database.
2024-07-15 13:39:19.375 | INFO     | controllers.student_controller:read_students:33 - Fetching all students from the database.
2024-07-15 13:39:19.377 | INFO     | services.student_service:get_students:30 - Retrieving students from the database.
2024-07-15 13:39:22.866 | INFO     | controllers.student_controller:delete_existing_student:114 - Deleting student with ID: 0e35a72a-d578-4cc3-a6f7-96e0cca3b48f
2024-07-15 13:39:22.869 | INFO     | services.student_service:delete_student:118 - Deleteing student with ID: 0e35a72a-d578-4cc3-a6f7-96e0cca3b48f
2024-07-15 13:39:22.889 | INFO     | services.student_service:delete_student:124 - Student deleted with ID: 0e35a72a-d578-4cc3-a6f7-96e0cca3b48f
2024-07-15 13:39:22.914 | INFO     | controllers.student_controller:read_students:33 - Fetching all students from the database.
2024-07-15 13:39:22.924 | INFO     | services.student_service:get_students:30 - Retrieving students from the database.
2024-07-15 13:50:46.866 | INFO     | controllers.student_controller:read_students:33 - Fetching all students from the database.
2024-07-15 13:50:46.866 | INFO     | services.student_service:get_students:30 - Retrieving students from the database.
2024-07-15 13:50:46.866 | INFO     | controllers.student_controller:read_students:33 - Fetching all students from the database.
2024-07-15 13:50:46.876 | INFO     | services.student_service:get_students:30 - Retrieving students from the database.
2024-07-15 14:20:04.177 | INFO     | controllers.student_controller:read_students:33 - Fetching all students from the database.
2024-07-15 14:20:04.177 | INFO     | services.student_service:get_students:30 - Retrieving students from the database.
2024-07-15 14:20:04.234 | INFO     | controllers.student_controller:read_students:33 - Fetching all students from the database.
2024-07-15 14:20:04.236 | INFO     | services.student_service:get_students:30 - Retrieving students from the database.
2024-07-15 14:20:05.747 | INFO     | controllers.student_controller:read_student:51 - Fetching student with ID: 7271154a-9e25-409a-9b0c-0660aa71a28c
2024-07-15 14:20:05.748 | INFO     | services.student_service:get_student:45 - Retrieving student with ID: 7271154a-9e25-409a-9b0c-0660aa71a28c.
2024-07-15 14:20:05.761 | INFO     | controllers.student_controller:read_student:51 - Fetching student with ID: 7271154a-9e25-409a-9b0c-0660aa71a28c
2024-07-15 14:20:05.761 | INFO     | services.student_service:get_student:45 - Retrieving student with ID: 7271154a-9e25-409a-9b0c-0660aa71a28c.
2024-07-15 14:25:59.954 | INFO     | services.student_service:get_student:45 - Retrieving student with ID: 7271154a-9e25-409a-9b0c-0660aa71a28c.
2024-07-15 14:26:00.107 | INFO     | services.student_service:get_student:45 - Retrieving student with ID: 7271154a.
2024-07-15 14:28:23.907 | INFO     | services.student_service:get_student:45 - Retrieving student with ID: 7271154a-9e25-409a-9b0c-0660aa71a28c.
2024-07-15 14:28:24.129 | INFO     | services.student_service:get_student:45 - Retrieving student with ID: 7271154a.
2024-07-15 14:29:40.051 | INFO     | services.student_service:get_student:45 - Retrieving student with ID: afc43388-9f8e-455c-ba55-8bcb31606119.
2024-07-15 14:29:40.316 | INFO     | services.student_service:get_student:45 - Retrieving student with ID: 595a2291-2bf9-43c8-9f3f-305ecab975b6.
2024-07-15 14:30:34.732 | INFO     | services.student_service:get_student:45 - Retrieving student with ID: 252eb6a6-07ca-4db6-b6d3-e3d973a64bcd.
2024-07-15 14:30:34.932 | INFO     | services.student_service:get_student:45 - Retrieving student with ID: 6ec03ed4-c9e5-484c-8c9a-8575930d3e09.
2024-07-17 17:37:26.904 | INFO     | controllers.student_controller:read_students:33 - Fetching all students from the database.
2024-07-17 17:37:26.904 | INFO     | services.student_service:get_students:30 - Retrieving students from the database.
2024-07-17 17:37:26.952 | INFO     | controllers.student_controller:read_students:33 - Fetching all students from the database.
2024-07-17 17:37:26.953 | INFO     | services.student_service:get_students:30 - Retrieving students from the database.
2024-07-17 17:37:43.663 | INFO     | controllers.student_controller:create_new_student:71 - Creating a new student.
2024-07-17 17:37:43.688 | INFO     | services.student_service:create_student:69 - Student created with ID: 17b06f79-4889-4bd3-969c-f93d25db226d
2024-07-17 17:37:43.729 | INFO     | controllers.student_controller:read_students:33 - Fetching all students from the database.
2024-07-17 17:37:43.733 | INFO     | services.student_service:get_students:30 - Retrieving students from the database.
2024-07-17 17:37:43.756 | INFO     | controllers.student_controller:read_students:33 - Fetching all students from the database.
2024-07-17 17:37:43.760 | INFO     | services.student_service:get_students:30 - Retrieving students from the database.
2024-07-17 18:29:04.460 | INFO     | controllers.student_controller:create_new_student:71 - Creating a new student.
2024-07-17 18:29:04.579 | INFO     | services.student_service:create_student:69 - Student created with ID: 4283fb20-5439-416c-81fc-a26afbb4c499
2024-07-17 18:29:04.742 | WARNING  | controllers.student_controller:read_students:33 - Fetching all students from the database.
2024-07-17 18:29:04.746 | INFO     | services.student_service:get_students:30 - Retrieving students from the database.
2024-07-17 18:29:05.324 | WARNING  | controllers.student_controller:read_students:33 - Fetching all students from the database.
2024-07-17 18:29:05.324 | INFO     | services.student_service:get_students:30 - Retrieving students from the database.
2024-07-17 18:29:08.118 | WARNING  | controllers.student_controller:read_students:33 - Fetching all students from the database.
2024-07-17 18:29:08.118 | INFO     | services.student_service:get_students:30 - Retrieving students from the database.
2024-07-17 18:29:09.818 | WARNING  | controllers.student_controller:read_students:33 - Fetching all students from the database.
2024-07-17 18:29:09.824 | INFO     | services.student_service:get_students:30 - Retrieving students from the database.
2024-07-17 18:36:20.180 | INFO     | controllers.student_controller:read_student:51 - Fetching student with ID: 17e73027-47f4-4ae5-8eee-48a5ddd9281b
2024-07-17 18:36:20.196 | INFO     | services.student_service:get_student:45 - Retrieving student with ID: 17e73027-47f4-4ae5-8eee-48a5ddd9281b.
2024-07-17 18:36:20.227 | INFO     | controllers.student_controller:read_student:51 - Fetching student with ID: 17e73027-47f4-4ae5-8eee-48a5ddd9281b
2024-07-17 18:36:20.227 | INFO     | services.student_service:get_student:45 - Retrieving student with ID: 17e73027-47f4-4ae5-8eee-48a5ddd9281b.
2024-07-17 18:36:34.597 | INFO     | controllers.student_controller:update_existing_student:91 - Updating student with ID: 17e73027-47f4-4ae5-8eee-48a5ddd9281b
2024-07-17 18:36:34.597 | INFO     | services.student_service:update_student:89 - Updating student with ID: 17e73027-47f4-4ae5-8eee-48a5ddd9281b
2024-07-17 18:36:34.613 | INFO     | services.student_service:update_student:98 - Student updated with ID: 17e73027-47f4-4ae5-8eee-48a5ddd9281b
2024-07-17 18:36:34.636 | INFO     | controllers.student_controller:read_students:33 - Fetching all students from the database.
2024-07-17 18:36:34.643 | INFO     | services.student_service:get_students:30 - Retrieving students from the database.
2024-07-17 18:36:34.662 | INFO     | controllers.student_controller:read_students:33 - Fetching all students from the database.
2024-07-17 18:36:34.662 | INFO     | services.student_service:get_students:30 - Retrieving students from the database.
2024-07-17 18:36:37.248 | INFO     | controllers.student_controller:read_students:33 - Fetching all students from the database.
2024-07-17 18:36:37.248 | INFO     | services.student_service:get_students:30 - Retrieving students from the database.
2024-07-17 18:36:40.963 | INFO     | controllers.student_controller:delete_existing_student:114 - Deleting student with ID: 17b06f79-4889-4bd3-969c-f93d25db226d
2024-07-17 18:36:40.973 | INFO     | services.student_service:delete_student:118 - Deleteing student with ID: 17b06f79-4889-4bd3-969c-f93d25db226d
2024-07-17 18:36:40.989 | INFO     | services.student_service:delete_student:124 - Student deleted with ID: 17b06f79-4889-4bd3-969c-f93d25db226d
2024-07-17 18:36:41.008 | INFO     | controllers.student_controller:read_students:33 - Fetching all students from the database.
2024-07-17 18:36:41.008 | INFO     | services.student_service:get_students:30 - Retrieving students from the database.
2024-07-17 18:41:31.986 | INFO     | controllers.student_controller:read_students:33 - Fetching all students from the database.
2024-07-17 18:41:31.986 | INFO     | services.student_service:get_students:30 - Retrieving students from the database.
2024-07-17 18:41:32.002 | INFO     | controllers.student_controller:read_students:33 - Fetching all students from the database.
2024-07-17 18:41:32.002 | INFO     | services.student_service:get_students:30 - Retrieving students from the database.
2024-07-18 11:44:11.132 | INFO     | controllers.student_controller:read_students:33 - Fetching all students from the database.
2024-07-18 11:44:11.134 | INFO     | services.student_service:get_students:30 - Retrieving students from the database.
2024-07-18 11:44:11.204 | INFO     | controllers.student_controller:read_students:33 - Fetching all students from the database.
2024-07-18 11:44:11.205 | INFO     | services.student_service:get_students:30 - Retrieving students from the database.
2024-07-18 11:44:42.873 | INFO     | controllers.student_controller:read_students:33 - Fetching all students from the database.
2024-07-18 11:44:42.873 | INFO     | services.student_service:get_students:30 - Retrieving students from the database.
2024-07-18 11:44:45.802 | INFO     | controllers.student_controller:read_student:51 - Fetching student with ID: af5a8e6c-82cf-4f9b-9384-426336d4f6b7
2024-07-18 11:44:45.806 | INFO     | services.student_service:get_student:45 - Retrieving student with ID: af5a8e6c-82cf-4f9b-9384-426336d4f6b7.
2024-07-18 11:44:45.816 | INFO     | controllers.student_controller:read_student:51 - Fetching student with ID: af5a8e6c-82cf-4f9b-9384-426336d4f6b7
2024-07-18 11:44:45.816 | INFO     | services.student_service:get_student:45 - Retrieving student with ID: af5a8e6c-82cf-4f9b-9384-426336d4f6b7.
2024-07-18 11:44:56.097 | INFO     | controllers.student_controller:update_existing_student:91 - Updating student with ID: af5a8e6c-82cf-4f9b-9384-426336d4f6b7
2024-07-18 11:44:56.097 | INFO     | services.student_service:update_student:89 - Updating student with ID: af5a8e6c-82cf-4f9b-9384-426336d4f6b7
2024-07-18 11:44:56.109 | INFO     | services.student_service:update_student:98 - Student updated with ID: af5a8e6c-82cf-4f9b-9384-426336d4f6b7
2024-07-18 11:44:56.154 | INFO     | controllers.student_controller:read_students:33 - Fetching all students from the database.
2024-07-18 11:44:56.157 | INFO     | services.student_service:get_students:30 - Retrieving students from the database.
2024-07-18 11:44:56.168 | INFO     | controllers.student_controller:read_students:33 - Fetching all students from the database.
2024-07-18 11:44:56.169 | INFO     | services.student_service:get_students:30 - Retrieving students from the database.
2024-07-18 11:45:01.297 | INFO     | controllers.student_controller:read_students:33 - Fetching all students from the database.
2024-07-18 11:45:01.299 | INFO     | services.student_service:get_students:30 - Retrieving students from the database.
2024-07-18 11:45:04.623 | INFO     | controllers.student_controller:read_students:33 - Fetching all students from the database.
2024-07-18 11:45:04.639 | INFO     | services.student_service:get_students:30 - Retrieving students from the database.
2024-07-18 11:45:07.197 | INFO     | controllers.student_controller:read_students:33 - Fetching all students from the database.
2024-07-18 11:45:07.198 | INFO     | services.student_service:get_students:30 - Retrieving students from the database.
2024-07-18 11:45:27.670 | INFO     | controllers.student_controller:delete_existing_student:114 - Deleting student with ID: af5a8e6c-82cf-4f9b-9384-426336d4f6b7
2024-07-18 11:45:27.672 | INFO     | services.student_service:delete_student:118 - Deleteing student with ID: af5a8e6c-82cf-4f9b-9384-426336d4f6b7
2024-07-18 11:45:27.685 | INFO     | services.student_service:delete_student:124 - Student deleted with ID: af5a8e6c-82cf-4f9b-9384-426336d4f6b7
2024-07-18 11:45:27.706 | INFO     | controllers.student_controller:read_students:33 - Fetching all students from the database.
2024-07-18 11:45:27.706 | INFO     | services.student_service:get_students:30 - Retrieving students from the database.
2024-07-18 12:09:24.669 | INFO     | controllers.student_controller:create_new_student:71 - Creating a new student.
2024-07-18 12:09:24.689 | INFO     | services.student_service:create_student:69 - Student created with ID: 7bb6cb81-c9f7-4f5e-9d82-99bad2e5ff4f
2024-07-18 12:09:37.346 | INFO     | controllers.student_controller:read_students:33 - Fetching all students from the database.
2024-07-18 12:09:37.346 | INFO     | services.student_service:get_students:30 - Retrieving students from the database.
2024-07-18 12:10:35.957 | INFO     | controllers.student_controller:read_students:33 - Fetching all students from the database.
2024-07-18 12:10:35.957 | INFO     | services.student_service:get_students:30 - Retrieving students from the database.
2024-07-18 12:10:36.053 | INFO     | controllers.student_controller:read_students:33 - Fetching all students from the database.
2024-07-18 12:10:36.054 | INFO     | services.student_service:get_students:30 - Retrieving students from the database.
2024-07-18 12:10:47.715 | INFO     | controllers.student_controller:read_student:51 - Fetching student with ID: 7bb6cb81-c9f7-4f5e-9d82-99bad2e5ff4f
2024-07-18 12:10:47.716 | INFO     | services.student_service:get_student:45 - Retrieving student with ID: 7bb6cb81-c9f7-4f5e-9d82-99bad2e5ff4f.
2024-07-18 12:10:47.724 | INFO     | controllers.student_controller:read_student:51 - Fetching student with ID: 7bb6cb81-c9f7-4f5e-9d82-99bad2e5ff4f
2024-07-18 12:10:47.725 | INFO     | services.student_service:get_student:45 - Retrieving student with ID: 7bb6cb81-c9f7-4f5e-9d82-99bad2e5ff4f.
2024-07-18 12:10:53.866 | INFO     | controllers.student_controller:update_existing_student:91 - Updating student with ID: 7bb6cb81-c9f7-4f5e-9d82-99bad2e5ff4f
2024-07-18 12:10:53.866 | INFO     | services.student_service:update_student:89 - Updating student with ID: 7bb6cb81-c9f7-4f5e-9d82-99bad2e5ff4f
2024-07-18 12:10:53.885 | INFO     | services.student_service:update_student:98 - Student updated with ID: 7bb6cb81-c9f7-4f5e-9d82-99bad2e5ff4f
2024-07-18 12:10:53.909 | INFO     | controllers.student_controller:read_students:33 - Fetching all students from the database.
2024-07-18 12:10:53.910 | INFO     | services.student_service:get_students:30 - Retrieving students from the database.
2024-07-18 12:10:53.921 | INFO     | controllers.student_controller:read_students:33 - Fetching all students from the database.
2024-07-18 12:10:53.923 | INFO     | services.student_service:get_students:30 - Retrieving students from the database.
2024-07-18 13:03:29.097 | INFO     | controllers.student_controller:read_students:33 - Fetching all students from the database.
2024-07-18 13:03:29.105 | INFO     | services.student_service:get_students:30 - Retrieving students from the database.
2024-07-18 13:03:29.166 | INFO     | controllers.student_controller:read_students:33 - Fetching all students from the database.
2024-07-18 13:03:29.166 | INFO     | services.student_service:get_students:30 - Retrieving students from the database.
2024-07-18 13:14:33.763 | INFO     | controllers.student_controller:read_students:33 - Fetching all students from the database.
2024-07-18 13:14:33.763 | INFO     | services.student_service:get_students:30 - Retrieving students from the database.
2024-07-18 13:14:33.787 | INFO     | controllers.student_controller:read_students:33 - Fetching all students from the database.
2024-07-18 13:14:33.789 | INFO     | services.student_service:get_students:30 - Retrieving students from the database.
2024-07-18 13:14:46.441 | INFO     | controllers.student_controller:read_student:51 - Fetching student with ID: 7bb6cb81-c9f7-4f5e-9d82-99bad2e5ff4f
2024-07-18 13:14:46.441 | INFO     | services.student_service:get_student:45 - Retrieving student with ID: 7bb6cb81-c9f7-4f5e-9d82-99bad2e5ff4f.
2024-07-18 13:14:46.464 | INFO     | controllers.student_controller:read_student:51 - Fetching student with ID: 7bb6cb81-c9f7-4f5e-9d82-99bad2e5ff4f
2024-07-18 13:14:46.469 | INFO     | services.student_service:get_student:45 - Retrieving student with ID: 7bb6cb81-c9f7-4f5e-9d82-99bad2e5ff4f.
2024-07-18 13:14:54.983 | INFO     | controllers.student_controller:update_existing_student:91 - Updating student with ID: 7bb6cb81-c9f7-4f5e-9d82-99bad2e5ff4f
2024-07-18 13:14:54.988 | INFO     | services.student_service:update_student:89 - Updating student with ID: 7bb6cb81-c9f7-4f5e-9d82-99bad2e5ff4f
2024-07-18 13:14:55.034 | INFO     | services.student_service:update_student:98 - Student updated with ID: 7bb6cb81-c9f7-4f5e-9d82-99bad2e5ff4f
2024-07-18 13:14:55.081 | INFO     | controllers.student_controller:read_students:33 - Fetching all students from the database.
2024-07-18 13:14:55.083 | INFO     | services.student_service:get_students:30 - Retrieving students from the database.
2024-07-18 13:14:55.104 | INFO     | controllers.student_controller:read_students:33 - Fetching all students from the database.
2024-07-18 13:14:55.112 | INFO     | services.student_service:get_students:30 - Retrieving students from the database.
2024-07-18 13:15:28.287 | INFO     | controllers.student_controller:read_student:51 - Fetching student with ID: 89edbb46-d621-4944-a995-2f26ab9c886a
2024-07-18 13:15:28.289 | INFO     | services.student_service:get_student:45 - Retrieving student with ID: 89edbb46-d621-4944-a995-2f26ab9c886a.
2024-07-18 13:15:28.304 | INFO     | controllers.student_controller:read_student:51 - Fetching student with ID: 89edbb46-d621-4944-a995-2f26ab9c886a
2024-07-18 13:15:28.304 | INFO     | services.student_service:get_student:45 - Retrieving student with ID: 89edbb46-d621-4944-a995-2f26ab9c886a.
2024-07-18 13:16:16.077 | INFO     | controllers.student_controller:read_student:51 - Fetching student with ID: 89edbb46-d621-4944-a995-2f26ab9c886a
2024-07-18 13:16:16.078 | INFO     | services.student_service:get_student:45 - Retrieving student with ID: 89edbb46-d621-4944-a995-2f26ab9c886a.
2024-07-18 13:16:16.088 | INFO     | controllers.student_controller:read_student:51 - Fetching student with ID: 89edbb46-d621-4944-a995-2f26ab9c886a
2024-07-18 13:16:16.091 | INFO     | services.student_service:get_student:45 - Retrieving student with ID: 89edbb46-d621-4944-a995-2f26ab9c886a.
2024-07-18 13:16:22.069 | INFO     | controllers.student_controller:update_existing_student:91 - Updating student with ID: 89edbb46-d621-4944-a995-2f26ab9c886a
2024-07-18 13:16:22.070 | INFO     | services.student_service:update_student:89 - Updating student with ID: 89edbb46-d621-4944-a995-2f26ab9c886a
2024-07-18 13:16:22.079 | INFO     | services.student_service:update_student:98 - Student updated with ID: 89edbb46-d621-4944-a995-2f26ab9c886a
2024-07-18 13:16:22.109 | INFO     | controllers.student_controller:read_students:33 - Fetching all students from the database.
2024-07-18 13:16:22.110 | INFO     | services.student_service:get_students:30 - Retrieving students from the database.
2024-07-18 13:16:22.132 | INFO     | controllers.student_controller:read_students:33 - Fetching all students from the database.
2024-07-18 13:16:22.138 | INFO     | services.student_service:get_students:30 - Retrieving students from the database.
2024-07-18 13:21:46.479 | INFO     | controllers.student_controller:read_students:33 - Fetching all students from the database.
2024-07-18 13:21:46.479 | INFO     | services.student_service:get_students:30 - Retrieving students from the database.
2024-07-18 13:21:46.494 | INFO     | controllers.student_controller:read_students:33 - Fetching all students from the database.
2024-07-18 13:21:46.494 | INFO     | services.student_service:get_students:30 - Retrieving students from the database.
2024-07-18 13:23:27.864 | INFO     | controllers.student_controller:read_students:33 - Fetching all students from the database.
2024-07-18 13:23:27.864 | INFO     | services.student_service:get_students:30 - Retrieving students from the database.
2024-07-18 13:23:52.090 | INFO     | controllers.student_controller:read_students:33 - Fetching all students from the database.
2024-07-18 13:23:52.103 | INFO     | services.student_service:get_students:30 - Retrieving students from the database.
2024-07-18 13:23:53.448 | INFO     | controllers.student_controller:read_students:33 - Fetching all students from the database.
2024-07-18 13:23:53.449 | INFO     | services.student_service:get_students:30 - Retrieving students from the database.
2024-07-18 13:23:55.869 | INFO     | controllers.student_controller:read_students:33 - Fetching all students from the database.
2024-07-18 13:23:55.877 | INFO     | services.student_service:get_students:30 - Retrieving students from the database.
2024-07-18 13:23:57.609 | INFO     | controllers.student_controller:read_students:33 - Fetching all students from the database.
2024-07-18 13:23:57.612 | INFO     | services.student_service:get_students:30 - Retrieving students from the database.
2024-07-18 13:43:33.880 | INFO     | controllers.student_controller:read_students:33 - Fetching all students from the database.
2024-07-18 13:43:33.887 | INFO     | services.student_service:get_students:30 - Retrieving students from the database.
2024-07-18 13:44:25.902 | INFO     | controllers.student_controller:read_students:33 - Fetching all students from the database.
2024-07-18 13:44:25.902 | INFO     | services.student_service:get_students:30 - Retrieving students from the database.
2024-07-18 13:48:17.704 | INFO     | controllers.student_controller:read_students:33 - Fetching all students from the database.
2024-07-18 13:48:17.722 | INFO     | services.student_service:get_students:30 - Retrieving students from the database.
2024-07-18 13:48:17.751 | INFO     | controllers.student_controller:read_students:33 - Fetching all students from the database.
2024-07-18 13:48:17.751 | INFO     | services.student_service:get_students:30 - Retrieving students from the database.
2024-07-18 13:49:48.367 | INFO     | controllers.student_controller:read_students:33 - Fetching all students from the database.
2024-07-18 13:49:48.369 | INFO     | services.student_service:get_students:30 - Retrieving students from the database.
2024-07-18 13:49:48.386 | INFO     | controllers.student_controller:read_students:33 - Fetching all students from the database.
2024-07-18 13:49:48.391 | INFO     | services.student_service:get_students:30 - Retrieving students from the database.
2024-07-18 13:52:04.881 | INFO     | controllers.student_controller:read_students:33 - Fetching all students from the database.
2024-07-18 13:52:04.884 | INFO     | services.student_service:get_students:30 - Retrieving students from the database.
2024-07-18 13:52:19.861 | INFO     | controllers.student_controller:read_students:33 - Fetching all students from the database.
2024-07-18 13:52:19.861 | INFO     | services.student_service:get_students:30 - Retrieving students from the database.
2024-07-18 13:52:33.556 | INFO     | controllers.student_controller:read_students:33 - Fetching all students from the database.
2024-07-18 13:52:33.558 | INFO     | services.student_service:get_students:30 - Retrieving students from the database.
2024-07-18 13:53:32.489 | INFO     | controllers.student_controller:read_students:33 - Fetching all students from the database.
2024-07-18 13:53:32.489 | INFO     | services.student_service:get_students:30 - Retrieving students from the database.
2024-07-18 13:53:32.502 | INFO     | controllers.student_controller:read_students:33 - Fetching all students from the database.
2024-07-18 13:53:32.502 | INFO     | services.student_service:get_students:30 - Retrieving students from the database.
2024-07-18 13:54:32.454 | INFO     | controllers.student_controller:read_students:33 - Fetching all students from the database.
2024-07-18 13:54:32.456 | INFO     | services.student_service:get_students:30 - Retrieving students from the database.
2024-07-18 13:54:32.471 | INFO     | controllers.student_controller:read_students:33 - Fetching all students from the database.
2024-07-18 13:54:32.471 | INFO     | services.student_service:get_students:30 - Retrieving students from the database.
2024-07-18 14:07:26.112 | INFO     | controllers.student_controller:read_students:33 - Fetching all students from the database.
2024-07-18 14:07:26.123 | INFO     | services.student_service:get_students:30 - Retrieving students from the database.
2024-07-18 14:07:26.174 | INFO     | controllers.student_controller:read_students:33 - Fetching all students from the database.
2024-07-18 14:07:26.177 | INFO     | services.student_service:get_students:30 - Retrieving students from the database.
2024-07-18 14:07:37.767 | INFO     | controllers.student_controller:read_students:33 - Fetching all students from the database.
2024-07-18 14:07:37.769 | INFO     | services.student_service:get_students:30 - Retrieving students from the database.
2024-07-18 14:07:37.785 | INFO     | controllers.student_controller:read_students:33 - Fetching all students from the database.
2024-07-18 14:07:37.785 | INFO     | services.student_service:get_students:30 - Retrieving students from the database.
2024-07-18 14:08:41.070 | INFO     | controllers.student_controller:read_students:33 - Fetching all students from the database.
2024-07-18 14:08:41.074 | INFO     | services.student_service:get_students:30 - Retrieving students from the database.
2024-07-18 14:08:41.091 | INFO     | controllers.student_controller:read_students:33 - Fetching all students from the database.
2024-07-18 14:08:41.093 | INFO     | services.student_service:get_students:30 - Retrieving students from the database.
2024-07-18 14:10:37.851 | INFO     | controllers.student_controller:read_students:33 - Fetching all students from the database.
2024-07-18 14:10:37.855 | INFO     | services.student_service:get_students:30 - Retrieving students from the database.
2024-07-18 14:11:04.067 | INFO     | controllers.student_controller:read_students:33 - Fetching all students from the database.
2024-07-18 14:11:04.067 | INFO     | services.student_service:get_students:30 - Retrieving students from the database.
2024-07-18 14:11:04.085 | INFO     | controllers.student_controller:read_students:33 - Fetching all students from the database.
2024-07-18 14:11:04.085 | INFO     | services.student_service:get_students:30 - Retrieving students from the database.
2024-07-18 14:11:31.663 | INFO     | controllers.student_controller:read_students:33 - Fetching all students from the database.
2024-07-18 14:11:31.670 | INFO     | services.student_service:get_students:30 - Retrieving students from the database.
2024-07-18 14:11:31.685 | INFO     | controllers.student_controller:read_students:33 - Fetching all students from the database.
2024-07-18 14:11:31.686 | INFO     | services.student_service:get_students:30 - Retrieving students from the database.
2024-07-18 14:11:46.904 | INFO     | controllers.student_controller:read_students:33 - Fetching all students from the database.
2024-07-18 14:11:46.906 | INFO     | services.student_service:get_students:30 - Retrieving students from the database.
2024-07-18 14:12:03.868 | INFO     | controllers.student_controller:read_students:33 - Fetching all students from the database.
2024-07-18 14:12:03.868 | INFO     | services.student_service:get_students:30 - Retrieving students from the database.
2024-07-18 14:12:24.118 | INFO     | controllers.student_controller:read_students:33 - Fetching all students from the database.
2024-07-18 14:12:24.118 | INFO     | services.student_service:get_students:30 - Retrieving students from the database.
2024-07-18 14:12:24.139 | INFO     | controllers.student_controller:read_students:33 - Fetching all students from the database.
2024-07-18 14:12:24.139 | INFO     | services.student_service:get_students:30 - Retrieving students from the database.
2024-07-18 14:12:33.290 | INFO     | controllers.student_controller:read_students:33 - Fetching all students from the database.
2024-07-18 14:12:33.292 | INFO     | services.student_service:get_students:30 - Retrieving students from the database.
2024-07-18 14:12:33.652 | INFO     | controllers.student_controller:read_students:33 - Fetching all students from the database.
2024-07-18 14:12:33.652 | INFO     | services.student_service:get_students:30 - Retrieving students from the database.
2024-07-18 14:12:45.039 | INFO     | controllers.student_controller:read_students:33 - Fetching all students from the database.
2024-07-18 14:12:45.042 | INFO     | services.student_service:get_students:30 - Retrieving students from the database.
2024-07-18 14:12:45.054 | INFO     | controllers.student_controller:read_students:33 - Fetching all students from the database.
2024-07-18 14:12:45.057 | INFO     | services.student_service:get_students:30 - Retrieving students from the database.
2024-07-18 14:12:51.546 | INFO     | controllers.student_controller:read_students:33 - Fetching all students from the database.
2024-07-18 14:12:51.558 | INFO     | services.student_service:get_students:30 - Retrieving students from the database.
2024-07-18 14:13:06.967 | INFO     | controllers.student_controller:read_students:33 - Fetching all students from the database.
2024-07-18 14:13:06.967 | INFO     | services.student_service:get_students:30 - Retrieving students from the database.
2024-07-18 14:13:08.551 | INFO     | controllers.student_controller:read_students:33 - Fetching all students from the database.
2024-07-18 14:13:08.551 | INFO     | services.student_service:get_students:30 - Retrieving students from the database.
2024-07-18 14:17:50.384 | INFO     | controllers.student_controller:read_students:33 - Fetching all students from the database.
2024-07-18 14:17:50.386 | INFO     | services.student_service:get_students:30 - Retrieving students from the database.
2024-07-18 14:17:50.402 | INFO     | controllers.student_controller:read_students:33 - Fetching all students from the database.
2024-07-18 14:17:50.414 | INFO     | services.student_service:get_students:30 - Retrieving students from the database.
2024-07-18 14:19:09.165 | INFO     | controllers.student_controller:read_students:33 - Fetching all students from the database.
2024-07-18 14:19:09.165 | INFO     | services.student_service:get_students:30 - Retrieving students from the database.
2024-07-18 14:19:09.181 | INFO     | controllers.student_controller:read_students:33 - Fetching all students from the database.
2024-07-18 14:19:09.181 | INFO     | services.student_service:get_students:30 - Retrieving students from the database.
2024-07-18 14:19:12.362 | INFO     | controllers.student_controller:read_student:51 - Fetching student with ID: f09ee5b2-4221-48ad-94d5-073826243689
2024-07-18 14:19:12.362 | INFO     | services.student_service:get_student:45 - Retrieving student with ID: f09ee5b2-4221-48ad-94d5-073826243689.
2024-07-18 14:19:12.399 | INFO     | controllers.student_controller:read_student:51 - Fetching student with ID: f09ee5b2-4221-48ad-94d5-073826243689
2024-07-18 14:19:12.399 | INFO     | services.student_service:get_student:45 - Retrieving student with ID: f09ee5b2-4221-48ad-94d5-073826243689.
2024-07-18 14:19:29.549 | INFO     | controllers.student_controller:read_student:51 - Fetching student with ID: f09ee5b2-4221-48ad-94d5-073826243689
2024-07-18 14:19:29.550 | INFO     | services.student_service:get_student:45 - Retrieving student with ID: f09ee5b2-4221-48ad-94d5-073826243689.
2024-07-18 14:19:42.865 | INFO     | controllers.student_controller:update_existing_student:91 - Updating student with ID: f09ee5b2-4221-48ad-94d5-073826243689
2024-07-18 14:19:42.865 | INFO     | services.student_service:update_student:89 - Updating student with ID: f09ee5b2-4221-48ad-94d5-073826243689
2024-07-18 14:19:42.893 | INFO     | services.student_service:update_student:98 - Student updated with ID: f09ee5b2-4221-48ad-94d5-073826243689
2024-07-18 14:19:42.961 | INFO     | controllers.student_controller:read_students:33 - Fetching all students from the database.
2024-07-18 14:19:42.962 | INFO     | services.student_service:get_students:30 - Retrieving students from the database.
2024-07-18 14:19:42.991 | INFO     | controllers.student_controller:read_students:33 - Fetching all students from the database.
2024-07-18 14:19:42.994 | INFO     | services.student_service:get_students:30 - Retrieving students from the database.
2024-07-18 14:20:11.519 | INFO     | controllers.student_controller:read_student:51 - Fetching student with ID: 10e4d195-701c-4648-b2e3-25b050d14173
2024-07-18 14:20:11.519 | INFO     | services.student_service:get_student:45 - Retrieving student with ID: 10e4d195-701c-4648-b2e3-25b050d14173.
2024-07-18 14:20:11.542 | INFO     | controllers.student_controller:read_student:51 - Fetching student with ID: 10e4d195-701c-4648-b2e3-25b050d14173
2024-07-18 14:20:11.544 | INFO     | services.student_service:get_student:45 - Retrieving student with ID: 10e4d195-701c-4648-b2e3-25b050d14173.
2024-07-18 14:20:15.123 | INFO     | controllers.student_controller:update_existing_student:91 - Updating student with ID: 10e4d195-701c-4648-b2e3-25b050d14173
2024-07-18 14:20:15.123 | INFO     | services.student_service:update_student:89 - Updating student with ID: 10e4d195-701c-4648-b2e3-25b050d14173
2024-07-18 14:20:15.123 | INFO     | services.student_service:update_student:98 - Student updated with ID: 10e4d195-701c-4648-b2e3-25b050d14173
2024-07-18 14:20:15.206 | INFO     | controllers.student_controller:read_students:33 - Fetching all students from the database.
2024-07-18 14:20:15.208 | INFO     | services.student_service:get_students:30 - Retrieving students from the database.
2024-07-18 14:20:15.227 | INFO     | controllers.student_controller:read_students:33 - Fetching all students from the database.
2024-07-18 14:20:15.227 | INFO     | services.student_service:get_students:30 - Retrieving students from the database.
2024-07-18 14:22:17.306 | INFO     | controllers.student_controller:read_students:33 - Fetching all students from the database.
2024-07-18 14:22:17.306 | INFO     | services.student_service:get_students:30 - Retrieving students from the database.
2024-07-18 14:22:17.355 | INFO     | controllers.student_controller:read_students:33 - Fetching all students from the database.
2024-07-18 14:22:17.355 | INFO     | services.student_service:get_students:30 - Retrieving students from the database.
